==18327== Memcheck, a memory error detector
==18327== Copyright (C) 2002-2017, and GNU GPL'd, by Julian Seward et al.
==18327== Using Valgrind-3.14.0 and LibVEX; rerun with -h for copyright info
==18327== Command: ./recordMonitor recordServer
==18327== Parent PID: 1
==18327== 
==18329== Conditional jump or move depends on uninitialised value(s)
==18329==    at 0x4C2D048: __strlen_sse42 (vg_replace_strmem.c:464)
==18329==    by 0x5E0FBE8: std::basic_ostream<char, std::char_traits<char> >& std::operator<< <std::char_traits<char> >(std::basic_ostream<char, std::char_traits<char> >&, char const*) (in /usr/lib64/libstdc++.so.6.0.19)
==18329==    by 0x43FED9: main (monitor.c:123)
==18329==  Uninitialised value was created by a heap allocation
==18329==    at 0x4C29E33: malloc (vg_replace_malloc.c:299)
==18329==    by 0x43FCD6: main (monitor.c:97)
==18329== 
==18329== Syscall param execve(filename) points to uninitialised byte(s)
==18329==    at 0x665D937: execve (in /usr/lib64/libc-2.17.so)
==18329==    by 0x43FF01: main (monitor.c:124)
==18329==  Address 0xabccc0c is 12 bytes inside a block of size 13 alloc'd
==18329==    at 0x4C29E33: malloc (vg_replace_malloc.c:299)
==18329==    by 0x43FCD6: main (monitor.c:97)
==18329==  Uninitialised value was created by a heap allocation
==18329==    at 0x4C29E33: malloc (vg_replace_malloc.c:299)
==18329==    by 0x43FCD6: main (monitor.c:97)
==18329== 
==18329== Syscall param execve(argv[i]) points to uninitialised byte(s)
==18329==    at 0x665D937: execve (in /usr/lib64/libc-2.17.so)
==18329==    by 0x43FF01: main (monitor.c:124)
==18329==  Address 0xabccc0c is 12 bytes inside a block of size 13 alloc'd
==18329==    at 0x4C29E33: malloc (vg_replace_malloc.c:299)
==18329==    by 0x43FCD6: main (monitor.c:97)
==18329==  Uninitialised value was created by a heap allocation
==18329==    at 0x4C29E33: malloc (vg_replace_malloc.c:299)
==18329==    by 0x43FCD6: main (monitor.c:97)
==18329== 
