Log file created at: 2019/01/25 15:35:25
Running on machine: live2.sanhai
Log line format: [IWEF]mmdd hh:mm:ss.uuuuuu threadid file:line] msg
E0125 15:35:25.968149 25314 webserver.c:300] 接口返回数据异常 ret:-1  错误信息:
### Error updating database.  Cause: java.sql.SQLIntegrityConstraintViolationException: Duplicate entry 'LIVE录像01-192.168.1.206:8081/live/record' for key 'IDX_server_info_np'
### The error may involve com.dbr.eduLive.Dao.ServiceDao.serverInsert-Inline
### The error occurred while setting parameters
### SQL: insert into server_info    (      netFlag    ,     serverType    ,     serverName    ,     serverApi    )    values    (      ?    ,     ?    ,     ?    ,     ?    )
### Cause: java.sql.SQLIntegrityConstraintViolationException: Duplicate entry 'LIVE录像01-192.168.1.206:8081/live/record' for key 'IDX_server_info_np'
; SQL []; Duplicate entry 'LIVE录像01-192.168.1.206:8081/live/record' for key 'IDX_server_info_np'; nested exception is java.sql.SQLIntegrityConstraintViolationException: Duplicate entry 'LIVE录像01-192.168.1.206:8081/live/record' for key 'IDX_server_info_np'
E0125 15:35:25.969055 25314 webserver.c:536] 解析注册录制 数据失败 main_ret:-1
I0125 15:35:25.974215 25320 webserver.c:429] Http服务启动  port:8081
I0125 15:35:25.975564 25314 webserver.c:713] server start: main_ret:0
I0125 15:35:47.073510 25320 webserver.c:38] Connection from:0x7fffec000a40192.168.8.39:19438
I0125 15:35:47.075459 25320 webserver.c:38] Connection from:0x7fffec000b80192.168.8.39:19439
I0125 15:35:47.091666 25320 webserver.c:56] 开始解析:/live/record
I0125 15:35:47.091800 25320 webserver.c:86] 获取参数 : FreeManCamera2018003  0
I0125 15:35:47.091958 25319 webserver.c:152] 管理线程获取参数 直播ID:FreeManCamera2018003  Type:0
I0125 15:35:47.092269 25319 RecordSaveRunnable.cpp:105] select LiveInfoUrl:http://192.168.1.205:8080/live/live_select?liveId=FreeManCamera2018003&userType=1  直播ID:FreeManCamera2018003
E0125 15:35:47.103756 25319 RecordSaveRunnable.cpp:80]  Http接口返回异常  ret:8  resCodeInfo:not in db  直播ID:FreeManCamera2018003
E0125 15:35:47.103940 25319 RecordSaveRunnable.cpp:113] 获取直播信息失败   ret:0 直播ID:FreeManCamera2018003
I0125 15:35:47.104497 25319 RecordSaveRunnable.cpp:265] 文件名: ./recordFile/FreeManCamera2018003/FreeManCamera2018003.aac  ./recordFile/FreeManCamera2018003/FreeManCamera2018003.h264  ./recordFile/FreeManCamera2018003/FreeManCamera2018003.json
I0125 15:35:47.104857 25319 RecordSaveRunnable.cpp:296] 打开所有文件成功  直播ID:FreeManCamera2018003
I0125 15:35:47.107096 25345 RecordSaveRunnable.cpp:369] 开始解析 rtmp: 
I0125 15:35:47.108757 25319 RecordSaveRunnable.cpp:148] 已启动录制读写线程  直播ID:FreeManCamera2018003
I0125 15:35:47.108839 25319 webserver.c:166] 启动录制任务成功   ret:0   直播ID:FreeManCamera2018003
E0125 15:36:15.311780 25345 RecordSaveRunnable.cpp:780] 调用更新录制状态接口失败  直播IDFreeManCamera2018003
I0125 15:36:15.311780 25320 webserver.c:56] 开始解析:/live/record
I0125 15:36:15.312072 25320 webserver.c:86] 获取参数 : FreeManCamera2018003  1
I0125 15:36:21.483279 25319 webserver.c:152] 管理线程获取参数 直播ID:FreeManCamera2018003  Type:1
I0125 15:36:21.483384 25320 webserver.c:131] Connection closed:0x7fffec000a40
I0125 15:38:36.197777 25345 RecordSaveRunnable.cpp:398] 开始解析录制  rtmp:rtmp://www.bj-mobiletv.com:8000/live/FreeManCamera2018003  直播ID:FreeManCamera2018003
I0125 15:39:30.411934 25345 RecordSaveRunnable.cpp:423] 录制开始  直播ID:FreeManCamera2018003
I0125 15:39:31.860460 25345 RecordSaveRunnable.cpp:567] 读线程结束  直播ID: FreeManCamera2018003
