Log file created at: 2019/01/17 16:15:53
Running on machine: live2.sanhai
Log line format: [IWEF]mmdd hh:mm:ss.uuuuuu threadid file:line] msg
E0117 16:15:53.610785  3758 webserver.c:321] 接口返回数据异常 ret:19  错误信息:UNIQUE constraint failed: server_info.serverApi
E0117 16:15:53.611496  3758 webserver.c:611] 解析注册录制 数据失败 main_ret:19
I0117 16:15:53.611631  3758 webserver.c:810] server start: main_ret:0
I0117 16:15:53.611748  3760 webserver.c:504] Http服务启动  port:8081
I0117 16:16:06.719053  3760 webserver.c:59] Connection from:0x7fe168000a40192.168.8.39:18714
I0117 16:16:06.720299  3760 webserver.c:77] 开始解析:/live/record
I0117 16:16:06.720427  3760 webserver.c:107] 获取参数 : 33122018122120257241  1
I0117 16:16:06.720552  3759 webserver.c:169] 管理线程获取参数 直播ID:33122018122120257241  Type:1
E0117 16:16:06.720657  3759 webserver.c:229] 未找到该录制任务  直播ID:33122018122120257241
I0117 16:16:06.723130  3760 webserver.c:153] Connection closed:0x7fe168000a40
I0117 16:16:06.723322  3760 webserver.c:59] Connection from:0x7fe168000a40192.168.8.39:18715
I0117 16:16:07.760910  3760 webserver.c:153] Connection closed:0x7fe168000a40
I0117 16:16:13.678385  3760 webserver.c:59] Connection from:0x7fe168000a40192.168.8.39:18716
I0117 16:16:13.679487  3760 webserver.c:77] 开始解析:/live/record
I0117 16:16:13.679597  3760 webserver.c:107] 获取参数 : 33122018122120257241  1
I0117 16:16:13.679706  3759 webserver.c:169] 管理线程获取参数 直播ID:33122018122120257241  Type:1
E0117 16:16:13.679797  3759 webserver.c:229] 未找到该录制任务  直播ID:33122018122120257241
I0117 16:16:13.684141  3760 webserver.c:153] Connection closed:0x7fe168000a40
I0117 16:16:13.684306  3760 webserver.c:59] Connection from:0x7fe168000a40192.168.8.39:18717
I0117 16:16:14.718833  3760 webserver.c:153] Connection closed:0x7fe168000a40
I0117 16:52:55.390100  3760 webserver.c:59] Connection from:0x7fe168000a40192.168.1.207:57091
I0117 16:52:55.390712  3760 webserver.c:77] 开始解析:/live/record
I0117 16:52:55.390782  3760 webserver.c:107] 获取参数 : 33122018122120257241  0
I0117 16:52:55.390885  3759 webserver.c:169] 管理线程获取参数 直播ID:33122018122120257241  Type:0
I0117 16:52:55.391219  3759 RecordSaveRunnable.cpp:150] select LiveInfoUrl:http://192.168.1.207:8090/live/live_select?liveId=33122018122120257241&userType=1  直播ID:33122018122120257241
I0117 16:52:56.392168  3760 webserver.c:153] Connection closed:0x7fe168000a40
I0117 16:52:56.395110  3759 RecordSaveRunnable.cpp:75] 返回http 直播信息查询  liveFlag:1  pullUrl:rtmp://192.168.1.207/live/  直播ID:33122018122120257241
I0117 16:52:56.395699  3759 RecordSaveRunnable.cpp:311] 文件名: ./recordFile/33122018122120257241/33122018122120257241.aac  ./recordFile/33122018122120257241/33122018122120257241.h264  ./recordFile/33122018122120257241/33122018122120257241.json
I0117 16:52:56.396064  3759 RecordSaveRunnable.cpp:343] 打开所有文件成功  直播ID:33122018122120257241
I0117 16:52:56.396190  3759 RecordSaveRunnable.cpp:192] 已启动录制读写线程   直播ID:33122018122120257241
I0117 16:52:56.396241  5990 RecordSaveRunnable.cpp:358] 开始解析 rtmp: 
I0117 16:52:56.396253  3759 webserver.c:188] 启动录制任务成功   ret:0   直播ID:33122018122120257241
I0117 16:52:56.506214  5990 RecordSaveRunnable.cpp:395] 开始解析录制  rtmp:rtmp://192.168.1.207/live/33122018122120257241  直播ID:33122018122120257241
I0117 16:52:56.514123  5990 RecordSaveRunnable.cpp:421] 录制开始  直播ID:33122018122120257241
