Log file created at: 2019/01/17 12:40:51
Running on machine: live2.sanhai
Log line format: [IWEF]mmdd hh:mm:ss.uuuuuu threadid file:line] msg
E0117 12:40:51.725845 22845 webserver.c:328] 接口返回数据异常 ret:19  错误信息:UNIQUE constraint failed: server_info.serverApi
E0117 12:40:51.726634 22845 webserver.c:622] 解析注册录制 数据失败 main_ret:19
I0117 12:40:51.726903 22845 webserver.c:821] server start: main_ret:0
I0117 12:40:51.727012 22847 webserver.c:511] Http服务启动  port:8081
I0117 12:41:01.657302 22847 webserver.c:57] Connection from:0x7f5f00000a40192.168.8.39:10919
I0117 12:41:01.657835 22847 webserver.c:57] Connection from:0x7f5f00000b80192.168.8.39:10920
I0117 12:41:01.659467 22847 webserver.c:80] 开始解析url:/live/record
I0117 12:41:01.659600 22847 webserver.c:108] 获取参数 :   1
E0117 12:41:01.659638 22847 webserver.c:115] 参数错误，直播ID为空
I0117 12:41:02.660992 22847 webserver.c:161] Connection closed:0x7f5f00000a40
I0117 12:41:03.679018 22847 webserver.c:161] Connection closed:0x7f5f00000b80
I0117 12:41:06.623126 22847 webserver.c:57] Connection from:0x7f5f00000a40192.168.8.39:10921
I0117 12:41:06.623839 22847 webserver.c:57] Connection from:0x7f5f00000b20192.168.8.39:10922
I0117 12:41:06.624936 22847 webserver.c:80] 开始解析url:/live/record
I0117 12:41:06.625063 22847 webserver.c:108] 获取参数 : EEEEE  1
I0117 12:41:06.625186 22846 webserver.c:177] 管理线程获取参数 直播ID:EEEEE  Type:1
E0117 12:41:06.625321 22846 webserver.c:237] 未找到该录制任务  直播ID:EEEEE
I0117 12:41:07.626333 22847 webserver.c:161] Connection closed:0x7f5f00000a40
I0117 12:41:08.632051 22847 webserver.c:161] Connection closed:0x7f5f00000b20
